NOTICE: pid::44932 2016-12-16 13:27:14     at Object.<anonymous> (/Users/xiaoguang/code/sousou-node/app/bootSrtap.js:70:7) UI Server已经启动：http://127.0.0.1:8000
NOTICE: pid::44932 2016-12-16 13:27:15     at Object.<anonymous> (/Users/xiaoguang/code/sousou-node/app/bootSrtap.js:53:11) { logid: 1481866035107724,  type: 'pv',  method: 'GET',  url: '/',  userInfo: undefined }
NOTICE: pid::44932 2016-12-16 13:27:16     at Object.<anonymous> (/Users/xiaoguang/code/sousou-node/app/bootSrtap.js:53:11) { logid: 1481866036610264,  type: 'pv',  method: 'GET',  url: '/food/list?foodNameQ=&foodHotQ=',  userInfo: undefined }
NOTICE: pid::45663 2016-12-16 13:39:12     at Object.<anonymous> (/Users/xiaoguang/code/sousou-node/app/bootSrtap.js:70:7) UI Server已经启动：http://127.0.0.1:8000
NOTICE: pid::45663 2016-12-16 13:39:12     at Object.<anonymous> (/Users/xiaoguang/code/sousou-node/app/bootSrtap.js:53:11) { logid: 1481866752271804,  type: 'pv',  method: 'GET',  url: '/',  userInfo: undefined }
NOTICE: pid::45663 2016-12-16 13:39:13     at Object.<anonymous> (/Users/xiaoguang/code/sousou-node/app/bootSrtap.js:53:11) { logid: 1481866753119208,  type: 'pv',  method: 'GET',  url: '/food/list?foodNameQ=&foodHotQ=',  userInfo: undefined }
NOTICE: pid::45663 2016-12-16 13:39:19     at Object.<anonymous> (/Users/xiaoguang/code/sousou-node/app/bootSrtap.js:53:11) { logid: 1481866759258862,  type: 'pv',  method: 'GET',  url: '/',  userInfo: undefined }
NOTICE: pid::45663 2016-12-16 13:39:19     at Object.<anonymous> (/Users/xiaoguang/code/sousou-node/app/bootSrtap.js:53:11) { logid: 1481866759787162,  type: 'pv',  method: 'GET',  url: '/food/list?foodNameQ=&foodHotQ=',  userInfo: undefined }
NOTICE: pid::45663 2016-12-16 13:39:25     at Object.<anonymous> (/Users/xiaoguang/code/sousou-node/app/bootSrtap.js:53:11) { logid: 1481866765018504,  type: 'pv',  method: 'GET',  url: '/record',  userInfo: undefined }
NOTICE: pid::45663 2016-12-16 13:39:25     at Object.<anonymous> (/Users/xiaoguang/code/sousou-node/app/bootSrtap.js:53:11) { logid: 1481866765262336,  type: 'pv',  method: 'GET',  url: '/record/list?userQ=&typeQ=&dateQ=',  userInfo: undefined }
NOTICE: pid::45663 2016-12-16 13:39:25     at Object.<anonymous> (/Users/xiaoguang/code/sousou-node/app/bootSrtap.js:53:11) { logid: 1481866765946935,  type: 'pv',  method: 'GET',  url: '/sport',  userInfo: undefined }
NOTICE: pid::45663 2016-12-16 13:39:26     at Object.<anonymous> (/Users/xiaoguang/code/sousou-node/app/bootSrtap.js:53:11) { logid: 1481866766142860,  type: 'pv',  method: 'GET',  url: '/sport/list?sportNameQ=&sportHotQ=',  userInfo: undefined }
NOTICE: pid::45663 2016-12-16 13:39:26     at Object.<anonymous> (/Users/xiaoguang/code/sousou-node/app/bootSrtap.js:53:11) { logid: 1481866766839298,  type: 'pv',  method: 'GET',  url: '/food',  userInfo: undefined }
NOTICE: pid::45663 2016-12-16 13:39:27     at Object.<anonymous> (/Users/xiaoguang/code/sousou-node/app/bootSrtap.js:53:11) { logid: 1481866767012041,  type: 'pv',  method: 'GET',  url: '/food/list?foodNameQ=&foodHotQ=',  userInfo: undefined }
NOTICE: pid::45663 2016-12-16 13:39:27     at Object.<anonymous> (/Users/xiaoguang/code/sousou-node/app/bootSrtap.js:53:11) { logid: 1481866767604021,  type: 'pv',  method: 'GET',  url: '/photo',  userInfo: undefined }
NOTICE: pid::45663 2016-12-16 13:39:27     at Object.<anonymous> (/Users/xiaoguang/code/sousou-node/app/bootSrtap.js:53:11) { logid: 1481866767808658,  type: 'pv',  method: 'GET',  url: '/photo/list?userQ=',  userInfo: undefined }
NOTICE: pid::45663 2016-12-16 13:39:28     at Object.<anonymous> (/Users/xiaoguang/code/sousou-node/app/bootSrtap.js:53:11) { logid: 1481866768196802,  type: 'pv',  method: 'GET',  url: '/record',  userInfo: undefined }
NOTICE: pid::45663 2016-12-16 13:39:28     at Object.<anonymous> (/Users/xiaoguang/code/sousou-node/app/bootSrtap.js:53:11) { logid: 1481866768379268,  type: 'pv',  method: 'GET',  url: '/record/list?userQ=&typeQ=&dateQ=',  userInfo: undefined }
NOTICE: pid::45663 2016-12-16 13:39:28     at Object.<anonymous> (/Users/xiaoguang/code/sousou-node/app/bootSrtap.js:53:11) { logid: 1481866768650797,  type: 'pv',  method: 'GET',  url: '/sport',  userInfo: undefined }
NOTICE: pid::45663 2016-12-16 13:39:28     at Object.<anonymous> (/Users/xiaoguang/code/sousou-node/app/bootSrtap.js:53:11) { logid: 1481866768842321,  type: 'pv',  method: 'GET',  url: '/sport/list?sportNameQ=&sportHotQ=',  userInfo: undefined }
NOTICE: pid::45663 2016-12-16 13:39:29     at Object.<anonymous> (/Users/xiaoguang/code/sousou-node/app/bootSrtap.js:53:11) { logid: 1481866769098615,  type: 'pv',  method: 'GET',  url: '/food',  userInfo: undefined }
NOTICE: pid::45663 2016-12-16 13:39:29     at Object.<anonymous> (/Users/xiaoguang/code/sousou-node/app/bootSrtap.js:53:11) { logid: 1481866769299038,  type: 'pv',  method: 'GET',  url: '/food/list?foodNameQ=&foodHotQ=',  userInfo: undefined }
NOTICE: pid::45663 2016-12-16 13:39:29     at Object.<anonymous> (/Users/xiaoguang/code/sousou-node/app/bootSrtap.js:53:11) { logid: 1481866769962155,  type: 'pv',  method: 'GET',  url: '/user',  userInfo: undefined }
NOTICE: pid::45663 2016-12-16 13:39:30     at Object.<anonymous> (/Users/xiaoguang/code/sousou-node/app/bootSrtap.js:53:11) { logid: 1481866770129859,  type: 'pv',  method: 'GET',  url: '/userList',  userInfo: undefined }
NOTICE: pid::45663 2016-12-16 13:39:31     at Object.<anonymous> (/Users/xiaoguang/code/sousou-node/app/bootSrtap.js:53:11) { logid: 1481866771942584,  type: 'pv',  method: 'GET',  url: '/photo',  userInfo: undefined }
NOTICE: pid::45663 2016-12-16 13:39:32     at Object.<anonymous> (/Users/xiaoguang/code/sousou-node/app/bootSrtap.js:53:11) { logid: 1481866772113623,  type: 'pv',  method: 'GET',  url: '/photo/list?userQ=',  userInfo: undefined }
NOTICE: pid::45663 2016-12-16 13:39:32     at Object.<anonymous> (/Users/xiaoguang/code/sousou-node/app/bootSrtap.js:53:11) { logid: 1481866772489707,  type: 'pv',  method: 'GET',  url: '/record',  userInfo: undefined }
NOTICE: pid::45663 2016-12-16 13:39:32     at Object.<anonymous> (/Users/xiaoguang/code/sousou-node/app/bootSrtap.js:53:11) { logid: 1481866772652141,  type: 'pv',  method: 'GET',  url: '/record/list?userQ=&typeQ=&dateQ=',  userInfo: undefined }
NOTICE: pid::45663 2016-12-16 13:39:33     at Object.<anonymous> (/Users/xiaoguang/code/sousou-node/app/bootSrtap.js:53:11) { logid: 1481866773074115,  type: 'pv',  method: 'GET',  url: '/sport',  userInfo: undefined }
NOTICE: pid::45663 2016-12-16 13:39:33     at Object.<anonymous> (/Users/xiaoguang/code/sousou-node/app/bootSrtap.js:53:11) { logid: 1481866773239256,  type: 'pv',  method: 'GET',  url: '/sport/list?sportNameQ=&sportHotQ=',  userInfo: undefined }
NOTICE: pid::45663 2016-12-16 13:40:56     at Object.<anonymous> (/Users/xiaoguang/code/sousou-node/app/bootSrtap.js:53:11) { logid: 1481866856811110,  type: 'pv',  method: 'GET',  url: '/',  userInfo: undefined }
NOTICE: pid::45663 2016-12-16 13:40:57     at Object.<anonymous> (/Users/xiaoguang/code/sousou-node/app/bootSrtap.js:53:11) { logid: 1481866857558160,  type: 'pv',  method: 'GET',  url: '/food/list?foodNameQ=&foodHotQ=',  userInfo: undefined }
NOTICE: pid::45767 2016-12-16 13:41:09     at Object.<anonymous> (/Users/xiaoguang/code/sousou-node/app/bootSrtap.js:70:7) UI Server已经启动：http://127.0.0.1:8000
NOTICE: pid::45767 2016-12-16 13:41:09     at Object.<anonymous> (/Users/xiaoguang/code/sousou-node/app/bootSrtap.js:53:11) { logid: 1481866869236791,  type: 'pv',  method: 'GET',  url: '/',  userInfo: undefined }
NOTICE: pid::45767 2016-12-16 13:41:09     at Object.<anonymous> (/Users/xiaoguang/code/sousou-node/app/bootSrtap.js:53:11) { logid: 1481866869798129,  type: 'pv',  method: 'GET',  url: '/food/list?foodNameQ=&foodHotQ=',  userInfo: undefined }
NOTICE: pid::45767 2016-12-16 13:41:11     at Object.<anonymous> (/Users/xiaoguang/code/sousou-node/app/bootSrtap.js:53:11) { logid: 1481866871620900,  type: 'pv',  method: 'GET',  url: '/',  userInfo: undefined }
NOTICE: pid::45767 2016-12-16 13:41:12     at Object.<anonymous> (/Users/xiaoguang/code/sousou-node/app/bootSrtap.js:53:11) { logid: 1481866872079360,  type: 'pv',  method: 'GET',  url: '/food/list?foodNameQ=&foodHotQ=',  userInfo: undefined }
NOTICE: pid::37352 2016-12-21 16:22:39     at Object.<anonymous> (/Users/xiaoguang/code/sousou-node/app/bootSrtap.js:70:7) UI Server已经启动：http://127.0.0.1:8000
NOTICE: pid::37352 2016-12-21 16:22:58     at Object.<anonymous> (/Users/xiaoguang/code/sousou-node/app/bootSrtap.js:53:11) { logid: 1482308578363900,  type: 'pv',  method: 'GET',  url: '/',  userInfo: undefined }
NOTICE: pid::37352 2016-12-21 16:22:58     at Object.<anonymous> (/Users/xiaoguang/code/sousou-node/app/bootSrtap.js:53:11) { logid: 1482308578955038,  type: 'pv',  method: 'GET',  url: '/food/list?foodNameQ=&foodHotQ=',  userInfo: undefined }
